state 5 contains 1 shift/reduce conflicts
state 5 contains 3 reduce/reduce conflicts
state 10 contains 2 shift/reduce conflicts
state 10 contains 1 reduce/reduce conflicts

rule 9 (group_clause) never reduced
rule 10 (group_clause) never reduced
rule 13 (where_clause) never reduced
useless nonterminal group_clause

-------- Grammar --------

rule 1 sql: select_clause from_clause join_clauses where_clause
rule 2 select_clause: select identifiers
rule 3 from_clause: from identifiers
rule 4 join_clauses: 
rule 5 join_clauses: join_clause
rule 6 join_clauses: join_clauses join_clause
rule 7 join_clause: 
rule 8 join_clause: join identifier on conditions
rule 9 group_clause: 
rule 10 group_clause: group_by identifier
rule 11 identifiers: identifier
rule 12 identifiers: identifiers punctuation identifier
rule 13 where_clause: 
rule 14 where_clause: where conditions
rule 15 conditions: condition
rule 16 conditions: conditions and_or condition
rule 17 condition: identifier operator number
rule 18 condition: identifier operator identifier
rule 19 and_or: and
rule 20 and_or: or
rule 21 operator: equal
rule 22 operator: less_than
rule 23 operator: less_than_equal
rule 24 operator: greater_than
rule 25 operator: greater_than_equal

------- Symbols -------

**Nonterminals, with rules where they appear

  $start (18)
    on right: 
    on left : 
  sql (19)
    on right: 
    on left : 1
  select_clause (20)
    on right: 1
    on left : 2
  from_clause (21)
    on right: 1
    on left : 3
  join_clauses (22)
    on right: 1 6
    on left : 4 5 6
  where_clause (23)
    on right: 1
    on left : 13 14
  identifiers (24)
    on right: 2 3 12
    on left : 11 12
  join_clause (25)
    on right: 5 6
    on left : 7 8
  conditions (26)
    on right: 8 14 16
    on left : 15 16
  group_clause (27)
    on right: 
    on left : 9 10
  condition (28)
    on right: 15 16
    on left : 17 18
  and_or (29)
    on right: 16
    on left : 19 20
  operator (30)
    on right: 17 18
    on left : 21 22 23 24 25

**Terminals, with rules where they appear

  $end (0) 
  error (1) 
  select (2) 2
  from (3) 3
  join (4) 8
  identifier (5) 8 10 11 12 17 18
  on (6) 8
  group_by (7) 10
  punctuation (8) 12
  where (9) 14
  number (10) 17
  and (11) 19
  or (12) 20
  equal (13) 21
  less_than (14) 22
  less_than_equal (15) 23
  greater_than (16) 24
  greater_than_equal (17) 25

--------- State ---------

state 0


  select        shift, and go to state 3

  sql           go to state 1
  select_clause  go to state 2

state 1


  $end          shift, and go to state 4


state 2

   1) sql : select_clause _ from_clause join_clauses where_clause

  from          shift, and go to state 6

  from_clause   go to state 5

state 3

   2) select_clause : select _ identifiers

  identifier    shift, and go to state 8

  identifiers   go to state 7

state 4


  $end          shift, and go to state 9


state 5

   1) sql : select_clause from_clause _ join_clauses where_clause

  join          shift, and go to state 12
  join          [reduce using rule 4 (join_clauses)]
  join          [reduce using rule 7 (join_clause)]
  $end          [reduce using rule 7 (join_clause)]
  where         [reduce using rule 7 (join_clause)]
  $default      reduce using rule 4 (join_clauses)

  join_clauses  go to state 10
  join_clause   go to state 11

state 6

   3) from_clause : from _ identifiers

  identifier    shift, and go to state 8

  identifiers   go to state 13

state 7

   2) select_clause : select identifiers _
  12) identifiers : identifiers _ punctuation identifier

  punctuation   shift, and go to state 14
  $default      reduce using rule 2 (select_clause)


state 8

  11) identifiers : identifier _

  $default      reduce using rule 11 (identifiers)


state 9


  $default      accept


state 10

   1) sql : select_clause from_clause join_clauses _ where_clause
   6) join_clauses : join_clauses _ join_clause

  join          shift, and go to state 12
  join          [reduce using rule 7 (join_clause)]
  where         shift, and go to state 17
  where         [reduce using rule 7 (join_clause)]
  $end          [reduce using rule 13 (where_clause)]
  $default      reduce using rule 7 (join_clause)

  where_clause  go to state 15
  join_clause   go to state 16

state 11

   5) join_clauses : join_clause _

  $default      reduce using rule 5 (join_clauses)


state 12

   8) join_clause : join _ identifier on conditions

  identifier    shift, and go to state 18


state 13

   3) from_clause : from identifiers _
  12) identifiers : identifiers _ punctuation identifier

  punctuation   shift, and go to state 14
  $default      reduce using rule 3 (from_clause)


state 14

  12) identifiers : identifiers punctuation _ identifier

  identifier    shift, and go to state 19


state 15

   1) sql : select_clause from_clause join_clauses where_clause _

  $default      reduce using rule 1 (sql)


state 16

   6) join_clauses : join_clauses join_clause _

  $default      reduce using rule 6 (join_clauses)


state 17

  14) where_clause : where _ conditions

  identifier    shift, and go to state 22

  conditions    go to state 20
  condition     go to state 21

state 18

   8) join_clause : join identifier _ on conditions

  on            shift, and go to state 23


state 19

  12) identifiers : identifiers punctuation identifier _

  $default      reduce using rule 12 (identifiers)


state 20

  14) where_clause : where conditions _
  16) conditions : conditions _ and_or condition

  and           shift, and go to state 25
  or            shift, and go to state 26
  $default      reduce using rule 14 (where_clause)

  and_or        go to state 24

state 21

  15) conditions : condition _

  $default      reduce using rule 15 (conditions)


state 22

  17) condition : identifier _ operator number
  18) condition : identifier _ operator identifier

  equal         shift, and go to state 28
  less_than     shift, and go to state 29
  less_than_equal  shift, and go to state 30
  greater_than  shift, and go to state 31
  greater_than_equal  shift, and go to state 32

  operator      go to state 27

state 23

   8) join_clause : join identifier on _ conditions

  identifier    shift, and go to state 22

  conditions    go to state 33
  condition     go to state 21

state 24

  16) conditions : conditions and_or _ condition

  identifier    shift, and go to state 22

  condition     go to state 34

state 25

  19) and_or : and _

  $default      reduce using rule 19 (and_or)


state 26

  20) and_or : or _

  $default      reduce using rule 20 (and_or)


state 27

  17) condition : identifier operator _ number
  18) condition : identifier operator _ identifier

  identifier    shift, and go to state 36
  number        shift, and go to state 35


state 28

  21) operator : equal _

  $default      reduce using rule 21 (operator)


state 29

  22) operator : less_than _

  $default      reduce using rule 22 (operator)


state 30

  23) operator : less_than_equal _

  $default      reduce using rule 23 (operator)


state 31

  24) operator : greater_than _

  $default      reduce using rule 24 (operator)


state 32

  25) operator : greater_than_equal _

  $default      reduce using rule 25 (operator)


state 33

   8) join_clause : join identifier on conditions _
  16) conditions : conditions _ and_or condition

  and           shift, and go to state 25
  or            shift, and go to state 26
  $default      reduce using rule 8 (join_clause)

  and_or        go to state 24

state 34

  16) conditions : conditions and_or condition _

  $default      reduce using rule 16 (conditions)


state 35

  17) condition : identifier operator number _

  $default      reduce using rule 17 (condition)


state 36

  18) condition : identifier operator identifier _

  $default      reduce using rule 18 (condition)

